[INFO]  03/18/2015 02:10 PM 
----------------------------------------------
CP Deployment Log
Date: <rn_log_date>03/18/2015 02:10 PM</rn_log_date>
By Account: <rn_log_byAccount>Russell Uy - (276)</rn_log_byAccount>
IP Address: <rn_log_ipAddress>73.15.141.177</rn_log_ipAddress>
User Agent: <rn_log_userAgent>Mozilla/5.0 (Macintosh; Intel Mac OS X 10.9; rv:36.0) Gecko/20100101 Firefox/36.0</rn_log_userAgent>
Interface Name: <rn_log_interfaceName>virginamerica</rn_log_interfaceName>
Deploy Type: <rn_log_deployType>Promote Deployment</rn_log_deployType>
----------------------------------------------


[DEBUG] 03/18/2015 02:10 PM Deploy lock verified.
[DEBUG] 03/18/2015 02:10 PM Copying production/source to production/backup/source
[DEBUG] 03/18/2015 02:10 PM Copying production/optimized to production/backup/optimized
[DEBUG] 03/18/2015 02:10 PM Copying /euf/rightnow/optimized/1426695275 to production/backup/optimizedAssets/1426695275
[DEBUG] 03/18/2015 02:10 PM Copying staging/staging_01/source to production/source
[DEBUG] 03/18/2015 02:10 PM Copying staging/staging_01/optimized to production/optimized
[DEBUG] 03/18/2015 02:10 PM Copying /euf/rightnow/staging/staging_01/optimized/1426712992 to /euf/rightnow/optimized/1426712992
[DEBUG] 03/18/2015 02:10 PM Removing file: production/optimized/frameworkVersion
[DEBUG] 03/18/2015 02:10 PM Removing old optimized assets directory '1426695275'
[DEBUG] 03/18/2015 02:10 PM Locking Page Set Mappings
[DEBUG] 03/18/2015 02:10 PM Number of deploy errors: <cps_error_count>0</cps_error_count>
[DEBUG] 03/18/2015 02:10 PM Log File: <cps_log_file_name>/cgi-bin/virginamerica.cfg/log/promote1426713028.log</cps_log_file_name>
[INFO]  03/18/2015 02:10 PM Deploy Operation Successful!
[DEBUG] 03/18/2015 02:10 PM Deploy lock removed.
