[INFO]  03/18/2015 09:18 AM 
----------------------------------------------
CP Deployment Log
Date: <rn_log_date>03/18/2015 09:18 AM</rn_log_date>
By Account: <rn_log_byAccount>Russell Uy - (276)</rn_log_byAccount>
IP Address: <rn_log_ipAddress>73.15.141.177</rn_log_ipAddress>
User Agent: <rn_log_userAgent>Mozilla/5.0 (Macintosh; Intel Mac OS X 10.9; rv:36.0) Gecko/20100101 Firefox/36.0</rn_log_userAgent>
Interface Name: <rn_log_interfaceName>virginamerica</rn_log_interfaceName>
Deploy Type: <rn_log_deployType>Promote Deployment</rn_log_deployType>
----------------------------------------------


[DEBUG] 03/18/2015 09:18 AM Deploy lock verified.
[DEBUG] 03/18/2015 09:18 AM Copying production/source to production/backup/source
[DEBUG] 03/18/2015 09:18 AM Copying production/optimized to production/backup/optimized
[DEBUG] 03/18/2015 09:18 AM Copying /euf/rightnow/optimized/1425915456 to production/backup/optimizedAssets/1425915456
[DEBUG] 03/18/2015 09:18 AM Copying staging/staging_01/source to production/source
[DEBUG] 03/18/2015 09:18 AM Copying staging/staging_01/optimized to production/optimized
[DEBUG] 03/18/2015 09:18 AM Copying /euf/rightnow/staging/staging_01/optimized/1426695275 to /euf/rightnow/optimized/1426695275
[DEBUG] 03/18/2015 09:18 AM Removing file: production/optimized/frameworkVersion
[DEBUG] 03/18/2015 09:18 AM Removing old optimized assets directory '1425915456'
[DEBUG] 03/18/2015 09:18 AM Locking Page Set Mappings
[DEBUG] 03/18/2015 09:18 AM Number of deploy errors: <cps_error_count>0</cps_error_count>
[DEBUG] 03/18/2015 09:18 AM Log File: <cps_log_file_name>/cgi-bin/virginamerica.cfg/log/promote1426695499.log</cps_log_file_name>
[INFO]  03/18/2015 09:18 AM Deploy Operation Successful!
[DEBUG] 03/18/2015 09:18 AM Deploy lock removed.
