[INFO]  07/24/2014 03:04 AM 
----------------------------------------------
CP Deployment Log
Date: <rn_log_date>07/24/2014 03:04 AM</rn_log_date>
By Account: <rn_log_byAccount>rntaccess rntaccess - (282)</rn_log_byAccount>
IP Address: <rn_log_ipAddress>160.34.115.242</rn_log_ipAddress>
User Agent: <rn_log_userAgent>Mozilla/5.0 (Windows NT 6.1; WOW64; rv:24.0) Gecko/20100101 Firefox/24.0</rn_log_userAgent>
Interface Name: <rn_log_interfaceName>virginamerica</rn_log_interfaceName>
Deploy Type: <rn_log_deployType>Promote Deployment</rn_log_deployType>
Comment: <rn_log_comment>upgrade changes</rn_log_comment>
----------------------------------------------


[DEBUG] 07/24/2014 03:04 AM Deploy lock verified.
[DEBUG] 07/24/2014 03:04 AM Copying production/source to production/backup/source
[DEBUG] 07/24/2014 03:04 AM Copying production/optimized to production/backup/optimized
[DEBUG] 07/24/2014 03:04 AM Copying /euf/rightnow/optimized/1405981324 to production/backup/optimizedAssets/1405981324
[DEBUG] 07/24/2014 03:04 AM Copying staging/staging_01/source to production/source
[DEBUG] 07/24/2014 03:04 AM Copying staging/staging_01/optimized to production/optimized
[DEBUG] 07/24/2014 03:04 AM Copying /euf/rightnow/staging/staging_01/optimized/1406196173 to /euf/rightnow/optimized/1406196173
[DEBUG] 07/24/2014 03:04 AM Removing file: production/optimized/frameworkVersion
[DEBUG] 07/24/2014 03:04 AM Removing old optimized assets directory '1405981324'
[DEBUG] 07/24/2014 03:04 AM Locking Page Set Mappings
[DEBUG] 07/24/2014 03:04 AM Number of deploy errors: <cps_error_count>0</cps_error_count>
[DEBUG] 07/24/2014 03:04 AM Log File: <cps_log_file_name>/cgi-bin/virginamerica.cfg/log/promote1406196259.log</cps_log_file_name>
[INFO]  07/24/2014 03:04 AM Deploy Operation Successful!
[DEBUG] 07/24/2014 03:04 AM Deploy lock removed.
