[INFO]  07/30/2015 01:50 PM 
----------------------------------------------
CP Deployment Log
Date: <rn_log_date>07/30/2015 01:50 PM</rn_log_date>
By Account: <rn_log_byAccount>Infolexa Dev - (351)</rn_log_byAccount>
IP Address: <rn_log_ipAddress>104.231.62.99</rn_log_ipAddress>
User Agent: <rn_log_userAgent>Mozilla/5.0 (Windows NT 6.1; WOW64) AppleWebKit/537.36 (KHTML, like Gecko) Chrome/44.0.2403.125 Safari/537.36</rn_log_userAgent>
Interface Name: <rn_log_interfaceName>virginamerica</rn_log_interfaceName>
Deploy Type: <rn_log_deployType>Promote Deployment</rn_log_deployType>
----------------------------------------------


[DEBUG] 07/30/2015 01:50 PM Deploy lock verified.
[DEBUG] 07/30/2015 01:50 PM Copying production/source to production/backup/source
[DEBUG] 07/30/2015 01:50 PM Copying production/optimized to production/backup/optimized
[DEBUG] 07/30/2015 01:50 PM Copying /euf/generated/optimized/1436802870 to production/backup/optimizedAssets/1436802870
[DEBUG] 07/30/2015 01:51 PM Copying staging/staging_01/source to production/source
[DEBUG] 07/30/2015 01:51 PM Copying staging/staging_01/optimized to production/optimized
[DEBUG] 07/30/2015 01:51 PM Copying /euf/generated/staging/staging_01/optimized/1438289269 to /euf/generated/optimized/1438289269
[DEBUG] 07/30/2015 01:51 PM Removing file: production/source/views/Partials/1436802870.php
[DEBUG] 07/30/2015 01:51 PM Removing file: production/optimized/views/Partials/1436802870.php
[DEBUG] 07/30/2015 01:51 PM Removing old optimized assets directory '1436802870'
[DEBUG] 07/30/2015 01:51 PM Locking Page Set Mappings
[DEBUG] 07/30/2015 01:51 PM Number of deploy errors: <cps_error_count>0</cps_error_count>
[DEBUG] 07/30/2015 01:51 PM Log File: <cps_log_file_name>/cgi-bin/virginamerica.cfg/log/promote1438289443.log</cps_log_file_name>
[INFO]  07/30/2015 01:51 PM Deploy Operation Successful!
[DEBUG] 07/30/2015 01:51 PM Deploy lock removed.
