[INFO]  01/16/2015 09:46 AM 
----------------------------------------------
CP Deployment Log
Date: <rn_log_date>01/16/2015 09:46 AM</rn_log_date>
By Account: <rn_log_byAccount>Russell Uy - (276)</rn_log_byAccount>
IP Address: <rn_log_ipAddress>205.241.31.2</rn_log_ipAddress>
User Agent: <rn_log_userAgent>Mozilla/5.0 (Macintosh; Intel Mac OS X 10.9; rv:35.0) Gecko/20100101 Firefox/35.0</rn_log_userAgent>
Interface Name: <rn_log_interfaceName>virginamerica</rn_log_interfaceName>
Deploy Type: <rn_log_deployType>Promote Deployment</rn_log_deployType>
----------------------------------------------


[DEBUG] 01/16/2015 09:46 AM Deploy lock verified.
[DEBUG] 01/16/2015 09:46 AM Copying production/source to production/backup/source
[DEBUG] 01/16/2015 09:46 AM Copying production/optimized to production/backup/optimized
[DEBUG] 01/16/2015 09:46 AM Copying /euf/rightnow/optimized/1421081259 to production/backup/optimizedAssets/1421081259
[DEBUG] 01/16/2015 09:46 AM Copying staging/staging_01/source to production/source
[DEBUG] 01/16/2015 09:46 AM Copying staging/staging_01/optimized to production/optimized
[DEBUG] 01/16/2015 09:46 AM Copying /euf/rightnow/staging/staging_01/optimized/1421430329 to /euf/rightnow/optimized/1421430329
[DEBUG] 01/16/2015 09:46 AM Removing file: production/optimized/frameworkVersion
[DEBUG] 01/16/2015 09:46 AM Removing old optimized assets directory '1421081259'
[DEBUG] 01/16/2015 09:46 AM Locking Page Set Mappings
[DEBUG] 01/16/2015 09:46 AM Number of deploy errors: <cps_error_count>0</cps_error_count>
[DEBUG] 01/16/2015 09:46 AM Log File: <cps_log_file_name>/cgi-bin/virginamerica.cfg/log/promote1421430392.log</cps_log_file_name>
[INFO]  01/16/2015 09:46 AM Deploy Operation Successful!
[DEBUG] 01/16/2015 09:46 AM Deploy lock removed.
