[INFO]  11/10/2014 02:28 PM 
----------------------------------------------
CP Deployment Log
Date: <rn_log_date>11/10/2014 02:28 PM</rn_log_date>
By Account: <rn_log_byAccount>Russell Uy - (276)</rn_log_byAccount>
IP Address: <rn_log_ipAddress>205.241.31.2</rn_log_ipAddress>
User Agent: <rn_log_userAgent>Mozilla/5.0 (Macintosh; Intel Mac OS X 10.9; rv:32.0) Gecko/20100101 Firefox/32.0</rn_log_userAgent>
Interface Name: <rn_log_interfaceName>virginamerica</rn_log_interfaceName>
Deploy Type: <rn_log_deployType>Promote Deployment</rn_log_deployType>
----------------------------------------------


[DEBUG] 11/10/2014 02:28 PM Deploy lock verified.
[DEBUG] 11/10/2014 02:28 PM Copying production/source to production/backup/source
[DEBUG] 11/10/2014 02:28 PM Copying production/optimized to production/backup/optimized
[DEBUG] 11/10/2014 02:28 PM Copying /euf/rightnow/optimized/1415658372 to production/backup/optimizedAssets/1415658372
[DEBUG] 11/10/2014 02:28 PM Copying staging/staging_01/source to production/source
[DEBUG] 11/10/2014 02:28 PM Copying staging/staging_01/optimized to production/optimized
[DEBUG] 11/10/2014 02:28 PM Copying /euf/rightnow/staging/staging_01/optimized/1415658372 to /euf/rightnow/optimized/1415658372
[DEBUG] 11/10/2014 02:28 PM Removing file: production/optimized/frameworkVersion
[DEBUG] 11/10/2014 02:28 PM Locking Page Set Mappings
[DEBUG] 11/10/2014 02:28 PM Number of deploy errors: <cps_error_count>0</cps_error_count>
[DEBUG] 11/10/2014 02:28 PM Log File: <cps_log_file_name>/cgi-bin/virginamerica.cfg/log/promote1415658528.log</cps_log_file_name>
[INFO]  11/10/2014 02:28 PM Deploy Operation Successful!
[DEBUG] 11/10/2014 02:28 PM Deploy lock removed.
