[INFO]  07/24/2014 03:03 AM 
----------------------------------------------
CP Deployment Log - Prepare Deploy Operation
Date: <rn_log_date>07/24/2014 03:03 AM</rn_log_date>
By Account: <rn_log_byAccount>rntaccess rntaccess - (282)</rn_log_byAccount>
IP Address: <rn_log_ipAddress>160.34.115.242</rn_log_ipAddress>
User Agent: <rn_log_userAgent>Mozilla/5.0 (Windows NT 6.1; WOW64; rv:24.0) Gecko/20100101 Firefox/24.0</rn_log_userAgent>
Interface Name: <rn_log_interfaceName>virginamerica</rn_log_interfaceName>
Deploy Type: <rn_log_deployType>Staging Deployment</rn_log_deployType>
Comment: <rn_log_comment>upgrade changes</rn_log_comment>
----------------------------------------------


[DEBUG] 07/24/2014 03:03 AM Preparing Staging Deployment operation
[DEBUG] 07/24/2014 03:03 AM Validating files
[DEBUG] 07/24/2014 03:03 AM Deploy lock verified.
[DEBUG] 07/24/2014 03:03 AM Copying source directory (staging/staging_01/source) to a temporary directory (staging/staging_01/temp_source/)
[DEBUG] 07/24/2014 03:03 AM Copying source directory (/euf/rightnow/staging/staging_01/source/) to a temporary directory (/euf/rightnow/staging/staging_01/temp_source/)
[DEBUG] 07/24/2014 03:03 AM Copying 'development/source/widgets/custom/templates/head/controller.php' to 'staging/staging_01/temp_source/widgets/custom/templates/head/controller.php'
[DEBUG] 07/24/2014 03:03 AM Copying 'development/source/widgets/custom/templates/head/view.php' to 'staging/staging_01/temp_source/widgets/custom/templates/head/view.php'
[DEBUG] 07/24/2014 03:03 AM Copying '/euf/assets/themes/basic/widgetCss/PageSetSelector.css' to '/euf/rightnow/staging/staging_01/temp_source/assets/themes/basic/widgetCss/PageSetSelector.css'
[DEBUG] 07/24/2014 03:03 AM Copying '/euf/assets/themes/basic/widgetCss/IncidentThreadDisplay.css' to '/euf/rightnow/staging/staging_01/temp_source/assets/themes/basic/widgetCss/IncidentThreadDisplay.css'
[DEBUG] 07/24/2014 03:03 AM Copying '/euf/assets/themes/basic/widgetCss/FieldDisplay.css' to '/euf/rightnow/staging/staging_01/temp_source/assets/themes/basic/widgetCss/FieldDisplay.css'
[DEBUG] 07/24/2014 03:03 AM Copying '/euf/assets/themes/basic/widgetCss/ProductCategoryDisplay.css' to '/euf/rightnow/staging/staging_01/temp_source/assets/themes/basic/widgetCss/ProductCategoryDisplay.css'
[DEBUG] 07/24/2014 03:03 AM Copying '/euf/assets/themes/basic/widgetCss/FileListDisplay.css' to '/euf/rightnow/staging/staging_01/temp_source/assets/themes/basic/widgetCss/FileListDisplay.css'
[DEBUG] 07/24/2014 03:03 AM Copying '/euf/assets/themes/basic/widgetCss/MobileProductCategoryList.css' to '/euf/rightnow/staging/staging_01/temp_source/assets/themes/basic/widgetCss/MobileProductCategoryList.css'
[DEBUG] 07/24/2014 03:03 AM Copying '/euf/assets/themes/basic/widgetCss/BasicSelectionInput.css' to '/euf/rightnow/staging/staging_01/temp_source/assets/themes/basic/widgetCss/BasicSelectionInput.css'
[DEBUG] 07/24/2014 03:03 AM Copying '/euf/assets/themes/basic/widgetCss/BasicPasswordInput.css' to '/euf/rightnow/staging/staging_01/temp_source/assets/themes/basic/widgetCss/BasicPasswordInput.css'
[DEBUG] 07/24/2014 03:03 AM Copying '/euf/assets/themes/basic/widgetCss/BasicDateInput.css' to '/euf/rightnow/staging/staging_01/temp_source/assets/themes/basic/widgetCss/BasicDateInput.css'
[DEBUG] 07/24/2014 03:03 AM Copying '/euf/assets/themes/basic/widgetCss/BasicSmartAssistant.css' to '/euf/rightnow/staging/staging_01/temp_source/assets/themes/basic/widgetCss/BasicSmartAssistant.css'
[DEBUG] 07/24/2014 03:03 AM Copying '/euf/assets/themes/basic/widgetCss/BasicKeywordSearch.css' to '/euf/rightnow/staging/staging_01/temp_source/assets/themes/basic/widgetCss/BasicKeywordSearch.css'
[DEBUG] 07/24/2014 03:03 AM Copying '/euf/assets/themes/basic/widgetCss/BasicMultiline.css' to '/euf/rightnow/staging/staging_01/temp_source/assets/themes/basic/widgetCss/BasicMultiline.css'
[DEBUG] 07/24/2014 03:03 AM Copying '/euf/assets/themes/basic/widgetCss/BasicLoginForm.css' to '/euf/rightnow/staging/staging_01/temp_source/assets/themes/basic/widgetCss/BasicLoginForm.css'
[DEBUG] 07/24/2014 03:03 AM Copying '/euf/assets/themes/basic/widgetCss/BasicLogoutLink.css' to '/euf/rightnow/staging/staging_01/temp_source/assets/themes/basic/widgetCss/BasicLogoutLink.css'
[DEBUG] 07/24/2014 03:03 AM Copying '/euf/assets/themes/basic/widgetCss/BasicDisplaySearchFilters.css' to '/euf/rightnow/staging/staging_01/temp_source/assets/themes/basic/widgetCss/BasicDisplaySearchFilters.css'
[DEBUG] 07/24/2014 03:03 AM Copying '/euf/assets/themes/basic/widgetCss/BasicProductCategoryInput.css' to '/euf/rightnow/staging/staging_01/temp_source/assets/themes/basic/widgetCss/BasicProductCategoryInput.css'
[DEBUG] 07/24/2014 03:03 AM Copying '/euf/assets/themes/basic/widgetCss/BasicProductCategorySearchFilter.css' to '/euf/rightnow/staging/staging_01/temp_source/assets/themes/basic/widgetCss/BasicProductCategorySearchFilter.css'
[DEBUG] 07/24/2014 03:03 AM Copying '/euf/assets/themes/basic/widgetCss/BasicFormStatusDisplay.css' to '/euf/rightnow/staging/staging_01/temp_source/assets/themes/basic/widgetCss/BasicFormStatusDisplay.css'
[DEBUG] 07/24/2014 03:03 AM Copying '/euf/assets/themes/basic/widgetCss/CapabilityDetector.css' to '/euf/rightnow/staging/staging_01/temp_source/assets/themes/basic/widgetCss/CapabilityDetector.css'
[DEBUG] 07/24/2014 03:03 AM Copying '/euf/assets/themes/basic/widgetCss/TopAnswers.css' to '/euf/rightnow/staging/staging_01/temp_source/assets/themes/basic/widgetCss/TopAnswers.css'
[DEBUG] 07/24/2014 03:03 AM Copying '/euf/assets/themes/basic/widgetCss/ProductCatalogDisplay.css' to '/euf/rightnow/staging/staging_01/temp_source/assets/themes/basic/widgetCss/ProductCatalogDisplay.css'
[DEBUG] 07/24/2014 03:03 AM Copying '/euf/assets/themes/mobile/images/chatAgent.png' to '/euf/rightnow/staging/staging_01/temp_source/assets/themes/mobile/images/chatAgent.png'
[DEBUG] 07/24/2014 03:03 AM Copying '/euf/assets/themes/mobile/images/chatAlert.png' to '/euf/rightnow/staging/staging_01/temp_source/assets/themes/mobile/images/chatAlert.png'
[DEBUG] 07/24/2014 03:03 AM Copying '/euf/assets/themes/mobile/images/chatEndUserMessage.png' to '/euf/rightnow/staging/staging_01/temp_source/assets/themes/mobile/images/chatEndUserMessage.png'
[DEBUG] 07/24/2014 03:03 AM Copying '/euf/assets/themes/mobile/images/chatOffTheRecord.png' to '/euf/rightnow/staging/staging_01/temp_source/assets/themes/mobile/images/chatOffTheRecord.png'
[DEBUG] 07/24/2014 03:03 AM Copying '/euf/assets/themes/mobile/images/chatDisconnect.png' to '/euf/rightnow/staging/staging_01/temp_source/assets/themes/mobile/images/chatDisconnect.png'
[DEBUG] 07/24/2014 03:03 AM Copying '/euf/assets/themes/mobile/images/chatOffTheRecordSend.png' to '/euf/rightnow/staging/staging_01/temp_source/assets/themes/mobile/images/chatOffTheRecordSend.png'
[DEBUG] 07/24/2014 03:03 AM Copying '/euf/assets/themes/mobile/images/avatar_sprite.png' to '/euf/rightnow/staging/staging_01/temp_source/assets/themes/mobile/images/avatar_sprite.png'
[DEBUG] 07/24/2014 03:03 AM Copying '/euf/assets/themes/mobile/images/RatingStars.png' to '/euf/rightnow/staging/staging_01/temp_source/assets/themes/mobile/images/RatingStars.png'
[DEBUG] 07/24/2014 03:03 AM Copying '/euf/assets/themes/mobile/widgetCss/RelatedAnswers.css' to '/euf/rightnow/staging/staging_01/temp_source/assets/themes/mobile/widgetCss/RelatedAnswers.css'
[DEBUG] 07/24/2014 03:03 AM Copying '/euf/assets/themes/mobile/widgetCss/PreviousAnswers.css' to '/euf/rightnow/staging/staging_01/temp_source/assets/themes/mobile/widgetCss/PreviousAnswers.css'
[DEBUG] 07/24/2014 03:03 AM Copying '/euf/assets/themes/mobile/widgetCss/PasswordInput.css' to '/euf/rightnow/staging/staging_01/temp_source/assets/themes/mobile/widgetCss/PasswordInput.css'
[DEBUG] 07/24/2014 03:03 AM Copying '/euf/assets/themes/mobile/widgetCss/FileAttachmentUpload.css' to '/euf/rightnow/staging/staging_01/temp_source/assets/themes/mobile/widgetCss/FileAttachmentUpload.css'
[DEBUG] 07/24/2014 03:03 AM Copying '/euf/assets/themes/mobile/widgetCss/EmailAnswerLink.css' to '/euf/rightnow/staging/staging_01/temp_source/assets/themes/mobile/widgetCss/EmailAnswerLink.css'
[DEBUG] 07/24/2014 03:03 AM Copying '/euf/assets/themes/mobile/widgetCss/LoginForm.css' to '/euf/rightnow/staging/staging_01/temp_source/assets/themes/mobile/widgetCss/LoginForm.css'
[DEBUG] 07/24/2014 03:03 AM Copying '/euf/assets/themes/mobile/widgetCss/ResetPassword.css' to '/euf/rightnow/staging/staging_01/temp_source/assets/themes/mobile/widgetCss/ResetPassword.css'
[DEBUG] 07/24/2014 03:03 AM Copying '/euf/assets/themes/mobile/widgetCss/EmailCredentials.css' to '/euf/rightnow/staging/staging_01/temp_source/assets/themes/mobile/widgetCss/EmailCredentials.css'
[DEBUG] 07/24/2014 03:03 AM Copying '/euf/assets/themes/mobile/widgetCss/ChatLaunchButton.css' to '/euf/rightnow/staging/staging_01/temp_source/assets/themes/mobile/widgetCss/ChatLaunchButton.css'
[DEBUG] 07/24/2014 03:03 AM Copying '/euf/assets/themes/mobile/widgetCss/ChatHours.css' to '/euf/rightnow/staging/staging_01/temp_source/assets/themes/mobile/widgetCss/ChatHours.css'
[DEBUG] 07/24/2014 03:03 AM Copying '/euf/assets/themes/mobile/widgetCss/ChatStatus.css' to '/euf/rightnow/staging/staging_01/temp_source/assets/themes/mobile/widgetCss/ChatStatus.css'
[DEBUG] 07/24/2014 03:03 AM Copying '/euf/assets/themes/mobile/widgetCss/KeywordText.css' to '/euf/rightnow/staging/staging_01/temp_source/assets/themes/mobile/widgetCss/KeywordText.css'
[DEBUG] 07/24/2014 03:03 AM Copying '/euf/assets/themes/mobile/widgetCss/SearchButton.css' to '/euf/rightnow/staging/staging_01/temp_source/assets/themes/mobile/widgetCss/SearchButton.css'
[DEBUG] 07/24/2014 03:03 AM Copying '/euf/assets/themes/mobile/widgetCss/ResultInfo.css' to '/euf/rightnow/staging/staging_01/temp_source/assets/themes/mobile/widgetCss/ResultInfo.css'
[DEBUG] 07/24/2014 03:03 AM Copying '/euf/assets/themes/mobile/widgetCss/CapabilityDetector.css' to '/euf/rightnow/staging/staging_01/temp_source/assets/themes/mobile/widgetCss/CapabilityDetector.css'
[DEBUG] 07/24/2014 03:03 AM Copying '/euf/assets/themes/mobile/widgetCss/TopAnswers.css' to '/euf/rightnow/staging/staging_01/temp_source/assets/themes/mobile/widgetCss/TopAnswers.css'
[DEBUG] 07/24/2014 03:03 AM Copying '/euf/assets/themes/mobile/widgetCss/VirtualAssistantAvatar.css' to '/euf/rightnow/staging/staging_01/temp_source/assets/themes/mobile/widgetCss/VirtualAssistantAvatar.css'
[DEBUG] 07/24/2014 03:03 AM Copying '/euf/assets/themes/mobile/widgetCss/VirtualAssistantBanner.css' to '/euf/rightnow/staging/staging_01/temp_source/assets/themes/mobile/widgetCss/VirtualAssistantBanner.css'
[DEBUG] 07/24/2014 03:03 AM Copying '/euf/assets/themes/mobile/widgetCss/VirtualAssistantFeedback.css' to '/euf/rightnow/staging/staging_01/temp_source/assets/themes/mobile/widgetCss/VirtualAssistantFeedback.css'
[DEBUG] 07/24/2014 03:03 AM Copying '/euf/assets/themes/mobile/widgetCss/VirtualAssistantSimilarMatches.css' to '/euf/rightnow/staging/staging_01/temp_source/assets/themes/mobile/widgetCss/VirtualAssistantSimilarMatches.css'
[DEBUG] 07/24/2014 03:03 AM Copying '/euf/assets/themes/mobile/widgetCss/ProductCatalogDisplay.css' to '/euf/rightnow/staging/staging_01/temp_source/assets/themes/mobile/widgetCss/ProductCatalogDisplay.css'
[DEBUG] 07/24/2014 03:03 AM Copying '/euf/assets/themes/standard/images/user.png' to '/euf/rightnow/staging/staging_01/temp_source/assets/themes/standard/images/user.png'
[DEBUG] 07/24/2014 03:03 AM Copying '/euf/assets/themes/standard/images/important.png' to '/euf/rightnow/staging/staging_01/temp_source/assets/themes/standard/images/important.png'
[DEBUG] 07/24/2014 03:03 AM Copying '/euf/assets/themes/standard/images/chatAgent.png' to '/euf/rightnow/staging/staging_01/temp_source/assets/themes/standard/images/chatAgent.png'
[DEBUG] 07/24/2014 03:03 AM Copying '/euf/assets/themes/standard/images/chatAlert.png' to '/euf/rightnow/staging/staging_01/temp_source/assets/themes/standard/images/chatAlert.png'
[DEBUG] 07/24/2014 03:03 AM Copying '/euf/assets/themes/standard/images/chatCobrowse.png' to '/euf/rightnow/staging/staging_01/temp_source/assets/themes/standard/images/chatCobrowse.png'
[DEBUG] 07/24/2014 03:03 AM Copying '/euf/assets/themes/standard/images/chatEndUserMessage.png' to '/euf/rightnow/staging/staging_01/temp_source/assets/themes/standard/images/chatEndUserMessage.png'
[DEBUG] 07/24/2014 03:03 AM Copying '/euf/assets/themes/standard/images/chatOffTheRecord.png' to '/euf/rightnow/staging/staging_01/temp_source/assets/themes/standard/images/chatOffTheRecord.png'
[DEBUG] 07/24/2014 03:03 AM Copying '/euf/assets/themes/standard/images/chatSoundOff.png' to '/euf/rightnow/staging/staging_01/temp_source/assets/themes/standard/images/chatSoundOff.png'
[DEBUG] 07/24/2014 03:03 AM Copying '/euf/assets/themes/standard/images/chatSoundOn.png' to '/euf/rightnow/staging/staging_01/temp_source/assets/themes/standard/images/chatSoundOn.png'
[DEBUG] 07/24/2014 03:03 AM Copying '/euf/assets/themes/standard/images/chatPrint.png' to '/euf/rightnow/staging/staging_01/temp_source/assets/themes/standard/images/chatPrint.png'
[DEBUG] 07/24/2014 03:03 AM Copying '/euf/assets/themes/standard/images/chatClose.png' to '/euf/rightnow/staging/staging_01/temp_source/assets/themes/standard/images/chatClose.png'
[DEBUG] 07/24/2014 03:03 AM Copying '/euf/assets/themes/standard/images/chatDisconnect.png' to '/euf/rightnow/staging/staging_01/temp_source/assets/themes/standard/images/chatDisconnect.png'
[DEBUG] 07/24/2014 03:03 AM Copying '/euf/assets/themes/standard/images/chatOffTheRecordSend.png' to '/euf/rightnow/staging/staging_01/temp_source/assets/themes/standard/images/chatOffTheRecordSend.png'
[DEBUG] 07/24/2014 03:03 AM Copying '/euf/assets/themes/standard/images/avatar_sprite.png' to '/euf/rightnow/staging/staging_01/temp_source/assets/themes/standard/images/avatar_sprite.png'
[DEBUG] 07/24/2014 03:03 AM Copying '/euf/assets/themes/standard/widgetCss/RelatedAnswers.css' to '/euf/rightnow/staging/staging_01/temp_source/assets/themes/standard/widgetCss/RelatedAnswers.css'
[DEBUG] 07/24/2014 03:03 AM Copying '/euf/assets/themes/standard/widgetCss/TopicWords.css' to '/euf/rightnow/staging/staging_01/temp_source/assets/themes/standard/widgetCss/TopicWords.css'
[DEBUG] 07/24/2014 03:03 AM Copying '/euf/assets/themes/standard/widgetCss/PreviousAnswers.css' to '/euf/rightnow/staging/staging_01/temp_source/assets/themes/standard/widgetCss/PreviousAnswers.css'
[DEBUG] 07/24/2014 03:03 AM Copying '/euf/assets/themes/standard/widgetCss/SearchSuggestions.css' to '/euf/rightnow/staging/staging_01/temp_source/assets/themes/standard/widgetCss/SearchSuggestions.css'
[DEBUG] 07/24/2014 03:03 AM Copying '/euf/assets/themes/standard/widgetCss/NavigationTab.css' to '/euf/rightnow/staging/staging_01/temp_source/assets/themes/standard/widgetCss/NavigationTab.css'
[DEBUG] 07/24/2014 03:03 AM Copying '/euf/assets/themes/standard/widgetCss/AnswerNotificationIcon.css' to '/euf/rightnow/staging/staging_01/temp_source/assets/themes/standard/widgetCss/AnswerNotificationIcon.css'
[DEBUG] 07/24/2014 03:03 AM Copying '/euf/assets/themes/standard/widgetCss/Unsubscribe.css' to '/euf/rightnow/staging/staging_01/temp_source/assets/themes/standard/widgetCss/Unsubscribe.css'
[DEBUG] 07/24/2014 03:03 AM Copying '/euf/assets/themes/standard/widgetCss/PasswordInput.css' to '/euf/rightnow/staging/staging_01/temp_source/assets/themes/standard/widgetCss/PasswordInput.css'
[DEBUG] 07/24/2014 03:03 AM Copying '/euf/assets/themes/standard/widgetCss/FileAttachmentUpload.css' to '/euf/rightnow/staging/staging_01/temp_source/assets/themes/standard/widgetCss/FileAttachmentUpload.css'
[DEBUG] 07/24/2014 03:03 AM Copying '/euf/assets/themes/standard/widgetCss/SiteFeedback.css' to '/euf/rightnow/staging/staging_01/temp_source/assets/themes/standard/widgetCss/SiteFeedback.css'
[DEBUG] 07/24/2014 03:03 AM Copying '/euf/assets/themes/standard/widgetCss/AnswerFeedback.css' to '/euf/rightnow/staging/staging_01/temp_source/assets/themes/standard/widgetCss/AnswerFeedback.css'
[DEBUG] 07/24/2014 03:03 AM Copying '/euf/assets/themes/standard/widgetCss/LoginForm.css' to '/euf/rightnow/staging/staging_01/temp_source/assets/themes/standard/widgetCss/LoginForm.css'
[DEBUG] 07/24/2014 03:03 AM Copying '/euf/assets/themes/standard/widgetCss/ResetPassword.css' to '/euf/rightnow/staging/staging_01/temp_source/assets/themes/standard/widgetCss/ResetPassword.css'
[DEBUG] 07/24/2014 03:03 AM Copying '/euf/assets/themes/standard/widgetCss/EmailCredentials.css' to '/euf/rightnow/staging/staging_01/temp_source/assets/themes/standard/widgetCss/EmailCredentials.css'
[DEBUG] 07/24/2014 03:03 AM Copying '/euf/assets/themes/standard/widgetCss/LoginDialog.css' to '/euf/rightnow/staging/staging_01/temp_source/assets/themes/standard/widgetCss/LoginDialog.css'
[DEBUG] 07/24/2014 03:03 AM Copying '/euf/assets/themes/standard/widgetCss/ChatLaunchButton.css' to '/euf/rightnow/staging/staging_01/temp_source/assets/themes/standard/widgetCss/ChatLaunchButton.css'
[DEBUG] 07/24/2014 03:03 AM Copying '/euf/assets/themes/standard/widgetCss/ChatHours.css' to '/euf/rightnow/staging/staging_01/temp_source/assets/themes/standard/widgetCss/ChatHours.css'
[DEBUG] 07/24/2014 03:03 AM Copying '/euf/assets/themes/standard/widgetCss/ChatStatus.css' to '/euf/rightnow/staging/staging_01/temp_source/assets/themes/standard/widgetCss/ChatStatus.css'
[DEBUG] 07/24/2014 03:03 AM Copying '/euf/assets/themes/standard/widgetCss/KeywordText.css' to '/euf/rightnow/staging/staging_01/temp_source/assets/themes/standard/widgetCss/KeywordText.css'
[DEBUG] 07/24/2014 03:03 AM Copying '/euf/assets/themes/standard/widgetCss/SearchButton.css' to '/euf/rightnow/staging/staging_01/temp_source/assets/themes/standard/widgetCss/SearchButton.css'
[DEBUG] 07/24/2014 03:03 AM Copying '/euf/assets/themes/standard/widgetCss/ResultInfo.css' to '/euf/rightnow/staging/staging_01/temp_source/assets/themes/standard/widgetCss/ResultInfo.css'
[DEBUG] 07/24/2014 03:03 AM Copying '/euf/assets/themes/standard/widgetCss/Grid.css' to '/euf/rightnow/staging/staging_01/temp_source/assets/themes/standard/widgetCss/Grid.css'
[DEBUG] 07/24/2014 03:03 AM Copying '/euf/assets/themes/standard/widgetCss/Multiline.css' to '/euf/rightnow/staging/staging_01/temp_source/assets/themes/standard/widgetCss/Multiline.css'
[DEBUG] 07/24/2014 03:03 AM Copying '/euf/assets/themes/standard/widgetCss/CapabilityDetector.css' to '/euf/rightnow/staging/staging_01/temp_source/assets/themes/standard/widgetCss/CapabilityDetector.css'
[DEBUG] 07/24/2014 03:03 AM Copying '/euf/assets/themes/standard/widgetCss/TopAnswers.css' to '/euf/rightnow/staging/staging_01/temp_source/assets/themes/standard/widgetCss/TopAnswers.css'
[DEBUG] 07/24/2014 03:03 AM Copying '/euf/assets/themes/standard/widgetCss/VirtualAssistantAvatar.css' to '/euf/rightnow/staging/staging_01/temp_source/assets/themes/standard/widgetCss/VirtualAssistantAvatar.css'
[DEBUG] 07/24/2014 03:03 AM Copying '/euf/assets/themes/standard/widgetCss/VirtualAssistantBanner.css' to '/euf/rightnow/staging/staging_01/temp_source/assets/themes/standard/widgetCss/VirtualAssistantBanner.css'
[DEBUG] 07/24/2014 03:03 AM Copying '/euf/assets/themes/standard/widgetCss/VirtualAssistantSimilarMatches.css' to '/euf/rightnow/staging/staging_01/temp_source/assets/themes/standard/widgetCss/VirtualAssistantSimilarMatches.css'
[DEBUG] 07/24/2014 03:03 AM Copying '/euf/assets/themes/standard/widgetCss/VirtualAssistantFeedback.css' to '/euf/rightnow/staging/staging_01/temp_source/assets/themes/standard/widgetCss/VirtualAssistantFeedback.css'
[DEBUG] 07/24/2014 03:03 AM Copying '/euf/assets/themes/standard/widgetCss/AssetCheck.css' to '/euf/rightnow/staging/staging_01/temp_source/assets/themes/standard/widgetCss/AssetCheck.css'
[DEBUG] 07/24/2014 03:03 AM Copying '/euf/assets/themes/standard/widgetCss/ProductCatalogInput.css' to '/euf/rightnow/staging/staging_01/temp_source/assets/themes/standard/widgetCss/ProductCatalogInput.css'
[DEBUG] 07/24/2014 03:03 AM Copying '/euf/assets/themes/standard/widgetCss/ProductCatalogDisplay.css' to '/euf/rightnow/staging/staging_01/temp_source/assets/themes/standard/widgetCss/ProductCatalogDisplay.css'
[DEBUG] 07/24/2014 03:03 AM Copying '/euf/assets/themes/standard/widgetCss/ProductCatalogSearchFilter.css' to '/euf/rightnow/staging/staging_01/temp_source/assets/themes/standard/widgetCss/ProductCatalogSearchFilter.css'
[DEBUG] 07/24/2014 03:03 AM Copying '/euf/assets/themes/standard/sounds/chatReceive.ogg' to '/euf/rightnow/staging/staging_01/temp_source/assets/themes/standard/sounds/chatReceive.ogg'
[DEBUG] 07/24/2014 03:03 AM Copying '/euf/assets/themes/standard/sounds/chatReceive.swf' to '/euf/rightnow/staging/staging_01/temp_source/assets/themes/standard/sounds/chatReceive.swf'
[DEBUG] 07/24/2014 03:03 AM Copying '/euf/assets/themes/standard/sounds/chatReceive.wav' to '/euf/rightnow/staging/staging_01/temp_source/assets/themes/standard/sounds/chatReceive.wav'
[DEBUG] 07/24/2014 03:03 AM Copying '/cgi-bin/virginamerica.cfg/scripts/cp/customer/development/frameworkVersion' to '/cgi-bin/virginamerica.cfg/scripts/cp/generated/staging/staging_01/optimized/frameworkVersion'
[DEBUG] 07/24/2014 03:03 AM Moving contents of staging/staging_01/temp_source/ to staging/staging_01/temp_optimized/
[DEBUG] 07/24/2014 03:03 AM Copying directory structure of views/pages into views/headers
[DEBUG] 07/24/2014 03:03 AM Fetching optimized widgets from '/cgi-bin/virginamerica.cfg/scripts/euf/application/rightnow/optimizedWidgets'.
[DEBUG] 07/24/2014 03:03 AM Compiling pages
[DEBUG] 07/24/2014 03:03 AM Compiling page: /error404.php
[DEBUG] 07/24/2014 03:03 AM Compiling page: /error.php
[DEBUG] 07/24/2014 03:03 AM Compiling page: /ask_confirm.php
[DEBUG] 07/24/2014 03:03 AM Compiling page: /ask.php
[DEBUG] 07/24/2014 03:03 AM Compiling widget: custom/input/MenuAsRadioWidget
[DEBUG] 07/24/2014 03:03 AM Compiling widget: custom/input/CustomTextInput
[DEBUG] 07/24/2014 03:03 AM Compiling widget: custom/input/ToggleVisibleArea
[DEBUG] 07/24/2014 03:03 AM Compiling widget: custom/input/CustomSelectionInput
[DEBUG] 07/24/2014 03:03 AM Compiling widget: custom/input/CustomDateInput
[DEBUG] 07/24/2014 03:03 AM Compiling widget: custom/input/CustomFormSubmit
[DEBUG] 07/24/2014 03:03 AM Compiling page: /home.php
[DEBUG] 07/24/2014 03:03 AM Compiling widget: custom/util/CustomInfoButton
[DEBUG] 07/24/2014 03:03 AM Compiling page: /agent/polling_preview.php
[DEBUG] 07/24/2014 03:03 AM Compiling page: /agent/guided_assistant.php
[DEBUG] 07/24/2014 03:03 AM Compiling page: /answers/intent.php
[DEBUG] 07/24/2014 03:03 AM Compiling page: /answers/list.php
[DEBUG] 07/24/2014 03:03 AM Compiling page: /answers/detail.php
[DEBUG] 07/24/2014 03:03 AM Compiling page: /mobile/error404.php
[DEBUG] 07/24/2014 03:03 AM Compiling page: /mobile/ask.php
[DEBUG] 07/24/2014 03:03 AM Compiling page: /mobile/error.php
[DEBUG] 07/24/2014 03:03 AM Compiling page: /mobile/ask_confirm.php
[DEBUG] 07/24/2014 03:03 AM Compiling page: /mobile/home.php
[DEBUG] 07/24/2014 03:03 AM Compiling page: /mobile/answers/intent.php
[DEBUG] 07/24/2014 03:03 AM Compiling page: /mobile/answers/list.php
[DEBUG] 07/24/2014 03:03 AM Compiling page: /mobile/answers/detail.php
[DEBUG] 07/24/2014 03:03 AM Compiling page: /mobile/social/post_detail.php
[DEBUG] 07/24/2014 03:03 AM Compiling page: /mobile/chat/chat_landing.php
[DEBUG] 07/24/2014 03:03 AM Compiling page: /mobile/chat/chat_launch.php
[DEBUG] 07/24/2014 03:03 AM Compiling page: /mobile/utils/account_assistance.php
[DEBUG] 07/24/2014 03:03 AM Compiling page: /mobile/utils/create_account.php
[DEBUG] 07/24/2014 03:03 AM Compiling page: /mobile/utils/guided_assistant.php
[DEBUG] 07/24/2014 03:03 AM Compiling page: /mobile/utils/login_form.php
[DEBUG] 07/24/2014 03:03 AM Compiling page: /mobile/utils/submit/password_changed.php
[DEBUG] 07/24/2014 03:03 AM Compiling page: /mobile/utils/submit/profile_updated.php
[DEBUG] 07/24/2014 03:03 AM Compiling page: /mobile/account/change_password.php
[DEBUG] 07/24/2014 03:03 AM Compiling page: /mobile/account/reset_password.php
[DEBUG] 07/24/2014 03:03 AM Compiling page: /mobile/account/profile.php
[DEBUG] 07/24/2014 03:03 AM Compiling page: /mobile/account/setup_password.php
[DEBUG] 07/24/2014 03:03 AM Compiling page: /mobile/account/questions/list.php
[DEBUG] 07/24/2014 03:03 AM Compiling page: /mobile/account/questions/detail.php
[DEBUG] 07/24/2014 03:03 AM Compiling page: /chat/chat_landing.php
[DEBUG] 07/24/2014 03:03 AM Compiling page: /chat/chat_launch.php
[DEBUG] 07/24/2014 03:03 AM Compiling page: /utils/account_assistance.php
[DEBUG] 07/24/2014 03:03 AM Compiling page: /utils/create_account.php
[DEBUG] 07/24/2014 03:03 AM Compiling page: /utils/help_search.php
[DEBUG] 07/24/2014 03:03 AM Compiling page: /utils/login_form.php
[DEBUG] 07/24/2014 03:03 AM Compiling page: /utils/submit/password_changed.php
[DEBUG] 07/24/2014 03:03 AM Compiling page: /utils/submit/profile_updated.php
[DEBUG] 07/24/2014 03:03 AM Compiling page: /account/change_password.php
[DEBUG] 07/24/2014 03:03 AM Compiling page: /account/reset_password.php
[DEBUG] 07/24/2014 03:03 AM Compiling page: /account/profile.php
[DEBUG] 07/24/2014 03:03 AM Compiling page: /account/setup_password.php
[DEBUG] 07/24/2014 03:03 AM Compiling page: /account/overview.php
[DEBUG] 07/24/2014 03:03 AM Compiling page: /account/questions/detail.php
[WARN]  07/24/2014 03:03 AM Warning: Page not Oracle RightNow CX Cloud Service logo compliant: /answers/detail.php.
[WARN]  07/24/2014 03:03 AM Warning: Page not Oracle RightNow CX Cloud Service logo compliant: /home.php.
[DEBUG] 07/24/2014 03:03 AM Copying themes to staging_01 area
[DEBUG] 07/24/2014 03:03 AM Copying theme /euf/rightnow/staging/staging_01/temp_source/assets/themes/standard to /euf/rightnow/staging/staging_01/temp_optimized//1406196173/themes/standard
[DEBUG] 07/24/2014 03:03 AM Copying theme /euf/rightnow/staging/staging_01/temp_source/assets/themes/mobile to /euf/rightnow/staging/staging_01/temp_optimized//1406196173/themes/mobile
[DEBUG] 07/24/2014 03:03 AM Copying extra-theme files to the staging_01 area
[DEBUG] 07/24/2014 03:03 AM Moving contents of staging/staging_01/temp_optimized/ to staging/staging_01/temp_optimized//src
[DEBUG] 07/24/2014 03:03 AM Executing make command: PATH=/bin /bin/make  -j 8 -f /cgi-bin/virginamerica.cfg/scripts/makefile_php -C /cgi-bin/virginamerica.cfg/scripts/euf/application/staging/staging_01/temp_optimized//src 2>&1 
[DEBUG] 07/24/2014 03:03 AM make: Entering directory `/cgi-bin/virginamerica.cfg/scripts/euf/application/staging/staging_01/temp_optimized/src'
[DEBUG] 07/24/2014 03:03 AM >>> /cgi-bin/virginamerica.cfg/scripts/include/src/headers/euf/mod_info.m4
[DEBUG] 07/24/2014 03:03 AM >>> ../config/hooks.php
[DEBUG] 07/24/2014 03:03 AM >>> ../config/mapping.php
[DEBUG] 07/24/2014 03:03 AM >>> ../config/pageSetMapping.php
[DEBUG] 07/24/2014 03:03 AM >>> ../controllers/ajaxCustom.php
[DEBUG] 07/24/2014 03:03 AM >>> ../errors/error_404.php
[DEBUG] 07/24/2014 03:03 AM >>> ../errors/error_general.php
[DEBUG] 07/24/2014 03:03 AM >>> ../errors/error_php.php
[DEBUG] 07/24/2014 03:03 AM >>> ../helpers/sample_helper.php
[DEBUG] 07/24/2014 03:03 AM >>> ../libraries/SampleLibrary.php
[DEBUG] 07/24/2014 03:03 AM >>> ../models/custom/sample_model.php
[DEBUG] 07/24/2014 03:03 AM >>> ../views/admin/answer_full_preview.php
[DEBUG] 07/24/2014 03:03 AM >>> ../views/admin/answer_quick_preview.php
[DEBUG] 07/24/2014 03:03 AM >>> ../views/headers/ask.php
[DEBUG] 07/24/2014 03:03 AM >>> ../views/headers/ask_confirm.php
[DEBUG] 07/24/2014 03:03 AM >>> ../views/headers/error.php
[DEBUG] 07/24/2014 03:03 AM >>> ../views/headers/error404.php
[DEBUG] 07/24/2014 03:03 AM >>> ../views/headers/home.php
[DEBUG] 07/24/2014 03:03 AM >>> ../views/headers/account/change_password.php
[DEBUG] 07/24/2014 03:03 AM >>> ../views/headers/account/overview.php
[DEBUG] 07/24/2014 03:03 AM >>> ../views/headers/account/profile.php
[DEBUG] 07/24/2014 03:03 AM >>> ../views/headers/account/reset_password.php
[DEBUG] 07/24/2014 03:03 AM >>> ../views/headers/account/setup_password.php
[DEBUG] 07/24/2014 03:03 AM >>> ../views/headers/agent/guided_assistant.php
[DEBUG] 07/24/2014 03:03 AM >>> ../views/headers/agent/polling_preview.php
[DEBUG] 07/24/2014 03:03 AM >>> ../views/headers/answers/detail.php
[DEBUG] 07/24/2014 03:03 AM >>> ../views/headers/answers/intent.php
[DEBUG] 07/24/2014 03:03 AM >>> ../views/headers/answers/list.php
[DEBUG] 07/24/2014 03:03 AM >>> ../views/headers/chat/chat_landing.php
[DEBUG] 07/24/2014 03:03 AM >>> ../views/headers/chat/chat_launch.php
[DEBUG] 07/24/2014 03:03 AM >>> ../views/headers/mobile/ask.php
[DEBUG] 07/24/2014 03:03 AM >>> ../views/headers/mobile/ask_confirm.php
[DEBUG] 07/24/2014 03:03 AM >>> ../views/headers/mobile/error.php
[DEBUG] 07/24/2014 03:03 AM >>> ../views/headers/mobile/error404.php
[DEBUG] 07/24/2014 03:03 AM >>> ../views/headers/mobile/home.php
[DEBUG] 07/24/2014 03:03 AM >>> ../views/headers/utils/account_assistance.php
[DEBUG] 07/24/2014 03:03 AM >>> ../views/headers/utils/create_account.php
[DEBUG] 07/24/2014 03:03 AM >>> ../views/headers/utils/help_search.php
[DEBUG] 07/24/2014 03:03 AM >>> ../views/headers/utils/login_form.php
[DEBUG] 07/24/2014 03:03 AM >>> ../views/headers/account/questions/detail.php
[DEBUG] 07/24/2014 03:03 AM >>> ../views/headers/mobile/account/change_password.php
[DEBUG] 07/24/2014 03:03 AM >>> ../views/headers/mobile/account/profile.php
[DEBUG] 07/24/2014 03:03 AM >>> ../views/headers/mobile/account/reset_password.php
[DEBUG] 07/24/2014 03:03 AM >>> ../views/headers/mobile/account/setup_password.php
[DEBUG] 07/24/2014 03:03 AM >>> ../views/headers/mobile/answers/detail.php
[DEBUG] 07/24/2014 03:03 AM >>> ../views/headers/mobile/answers/intent.php
[DEBUG] 07/24/2014 03:03 AM >>> ../views/headers/mobile/answers/list.php
[DEBUG] 07/24/2014 03:03 AM >>> ../views/headers/mobile/chat/chat_landing.php
[DEBUG] 07/24/2014 03:03 AM >>> ../views/headers/mobile/chat/chat_launch.php
[DEBUG] 07/24/2014 03:03 AM >>> ../views/headers/mobile/social/post_detail.php
[DEBUG] 07/24/2014 03:03 AM >>> ../views/headers/mobile/utils/account_assistance.php
[DEBUG] 07/24/2014 03:03 AM >>> ../views/headers/mobile/utils/create_account.php
[DEBUG] 07/24/2014 03:03 AM >>> ../views/headers/mobile/utils/guided_assistant.php
[DEBUG] 07/24/2014 03:03 AM >>> ../views/headers/mobile/utils/login_form.php
[DEBUG] 07/24/2014 03:03 AM >>> ../views/headers/utils/submit/password_changed.php
[DEBUG] 07/24/2014 03:03 AM >>> ../views/headers/utils/submit/profile_updated.php
[DEBUG] 07/24/2014 03:03 AM >>> ../widgets/custom/input/CustomDateInput/controller.php
[DEBUG] 07/24/2014 03:03 AM >>> ../widgets/custom/input/CustomDateInput/view.php
[DEBUG] 07/24/2014 03:03 AM >>> ../widgets/custom/input/CustomFileAttachmentUpload2/controller.php
[DEBUG] 07/24/2014 03:03 AM >>> ../widgets/custom/input/CustomFileAttachmentUpload2/view.php
[DEBUG] 07/24/2014 03:03 AM >>> ../widgets/custom/input/CustomFormSubmit/controller.php
[DEBUG] 07/24/2014 03:03 AM >>> ../widgets/custom/input/CustomFormSubmit/view.php
[DEBUG] 07/24/2014 03:03 AM >>> ../widgets/custom/input/CustomSelectionInput/controller.php
[DEBUG] 07/24/2014 03:03 AM >>> ../widgets/custom/input/CustomSelectionInput/view.php
[DEBUG] 07/24/2014 03:03 AM >>> ../widgets/custom/input/CustomTextInput/controller.php
[DEBUG] 07/24/2014 03:03 AM >>> ../widgets/custom/input/CustomTextInput/view.php
[DEBUG] 07/24/2014 03:03 AM >>> ../widgets/custom/input/MenuAsRadioWidget/controller.php
[DEBUG] 07/24/2014 03:03 AM >>> ../widgets/custom/input/MenuAsRadioWidget/view.php
[DEBUG] 07/24/2014 03:03 AM >>> ../widgets/custom/input/ToggleVisibleArea/controller.php
[DEBUG] 07/24/2014 03:03 AM >>> ../widgets/custom/input/ToggleVisibleArea/view.php
[DEBUG] 07/24/2014 03:03 AM >>> ../widgets/custom/sample/SampleWidget/controller.php
[DEBUG] 07/24/2014 03:03 AM >>> ../widgets/custom/sample/SampleWidget/view.php
[DEBUG] 07/24/2014 03:03 AM >>> ../widgets/custom/templates/bottom/controller.php
[DEBUG] 07/24/2014 03:03 AM >>> ../widgets/custom/templates/bottom/view.php
[DEBUG] 07/24/2014 03:03 AM >>> ../widgets/custom/templates/head/controller.php
[DEBUG] 07/24/2014 03:03 AM >>> ../widgets/custom/templates/head/view.php
[DEBUG] 07/24/2014 03:03 AM >>> ../widgets/custom/templates/top/controller.php
[DEBUG] 07/24/2014 03:03 AM >>> ../widgets/custom/templates/top/view.php
[DEBUG] 07/24/2014 03:03 AM >>> ../widgets/custom/util/CustomInfoButton/controller.php
[DEBUG] 07/24/2014 03:03 AM >>> ../widgets/custom/util/CustomInfoButton/view.php
[DEBUG] 07/24/2014 03:03 AM >>> ../views/headers/mobile/account/questions/detail.php
[DEBUG] 07/24/2014 03:03 AM >>> ../views/headers/mobile/account/questions/list.php
[DEBUG] 07/24/2014 03:03 AM >>> ../views/headers/mobile/utils/submit/password_changed.php
[DEBUG] 07/24/2014 03:03 AM >>> ../views/headers/mobile/utils/submit/profile_updated.php
[DEBUG] 07/24/2014 03:03 AM make: Leaving directory `/cgi-bin/virginamerica.cfg/scripts/euf/application/staging/staging_01/temp_optimized/src'
[DEBUG] 07/24/2014 03:03 AM 
[DEBUG] 07/24/2014 03:03 AM Finalizing delayed deletes.
[DEBUG] 07/24/2014 03:03 AM Finished finalizing delayed deletes.
[DEBUG] 07/24/2014 03:03 AM Number of deploy errors: <cps_error_count>0</cps_error_count>
[DEBUG] 07/24/2014 03:03 AM Log File: <cps_log_file_name>/cgi-bin/virginamerica.cfg/log/stage1406196173.log</cps_log_file_name>
[DEBUG] 07/24/2014 03:03 AM Compile Successful!
[DEBUG] 07/24/2014 03:03 AM Committing Deploy Operation
[DEBUG] 07/24/2014 03:03 AM Backing up staging/staging_01/source/ to staging/staging_01/backup/
[DEBUG] 07/24/2014 03:03 AM Moving contents of staging/staging_01/temp_source/ to staging/staging_01/source/
[DEBUG] 07/24/2014 03:03 AM Moving contents of /euf/rightnow/staging/staging_01/temp_source/ to /euf/rightnow/staging/staging_01/source/
[DEBUG] 07/24/2014 03:03 AM Moving JavaScript files to the html docroot (/vhosts/virginamerica/euf/rightnow/staging/staging_01/optimized/)
[DEBUG] 07/24/2014 03:03 AM Moving contents of staging/staging_01/temp_optimized/ to staging/staging_01/optimized/
[INFO]  07/24/2014 03:03 AM Deploy Operation Successful!
[DEBUG] 07/24/2014 03:03 AM Finalizing delayed deletes.
[DEBUG] 07/24/2014 03:03 AM Finished finalizing delayed deletes.
[DEBUG] 07/24/2014 03:03 AM Deploy lock removed.
