[INFO]  04/28/2015 02:05 PM 
----------------------------------------------
CP Deployment Log - Prepare Deploy Operation
Date: <rn_log_date>04/28/2015 02:05 PM</rn_log_date>
By Account: <rn_log_byAccount>Russell Uy - (276)</rn_log_byAccount>
IP Address: <rn_log_ipAddress>205.241.31.2</rn_log_ipAddress>
User Agent: <rn_log_userAgent>Mozilla/5.0 (Macintosh; Intel Mac OS X 10.9; rv:36.0) Gecko/20100101 Firefox/36.0</rn_log_userAgent>
Interface Name: <rn_log_interfaceName>virginamerica</rn_log_interfaceName>
Deploy Type: <rn_log_deployType>Staging Deployment</rn_log_deployType>
----------------------------------------------


[DEBUG] 04/28/2015 02:05 PM Preparing Staging Deployment operation
[DEBUG] 04/28/2015 02:05 PM Validating files
[DEBUG] 04/28/2015 02:05 PM Deploy lock verified.
[DEBUG] 04/28/2015 02:05 PM Copying source directory (staging/staging_01/source) to a temporary directory (staging/staging_01/temp_source/)
[DEBUG] 04/28/2015 02:05 PM Copying source directory (/euf/rightnow/staging/staging_01/source/) to a temporary directory (/euf/rightnow/staging/staging_01/temp_source/)
[DEBUG] 04/28/2015 02:05 PM Copying '/euf/assets/themes/standard/site.css' to '/euf/rightnow/staging/staging_01/temp_source/assets/themes/standard/site.css'
[DEBUG] 04/28/2015 02:05 PM Copying '/cgi-bin/virginamerica.cfg/scripts/cp/customer/development/frameworkVersion' to '/cgi-bin/virginamerica.cfg/scripts/cp/generated/staging/staging_01/optimized/frameworkVersion'
[DEBUG] 04/28/2015 02:05 PM Moving contents of staging/staging_01/temp_source/ to staging/staging_01/temp_optimized/
[DEBUG] 04/28/2015 02:05 PM Copying directory structure of views/pages into views/headers
[DEBUG] 04/28/2015 02:05 PM Fetching optimized widgets from '/cgi-bin/virginamerica.cfg/scripts/euf/application/rightnow/optimizedWidgets'.
[DEBUG] 04/28/2015 02:05 PM Compiling pages
[DEBUG] 04/28/2015 02:05 PM Compiling page: /error404.php
[DEBUG] 04/28/2015 02:05 PM Compiling page: /error.php
[DEBUG] 04/28/2015 02:05 PM Compiling page: /ask_confirm.php
[DEBUG] 04/28/2015 02:05 PM Compiling page: /ask.php
[DEBUG] 04/28/2015 02:05 PM Compiling widget: custom/input/MenuAsRadioWidget
[DEBUG] 04/28/2015 02:05 PM Compiling widget: custom/input/CustomTextInput
[DEBUG] 04/28/2015 02:05 PM Compiling widget: custom/input/ToggleVisibleArea
[DEBUG] 04/28/2015 02:05 PM Compiling widget: custom/input/CustomSelectionInput
[DEBUG] 04/28/2015 02:05 PM Compiling widget: custom/input/CustomDateInput
[DEBUG] 04/28/2015 02:05 PM Compiling widget: custom/input/CustomFormSubmit
[DEBUG] 04/28/2015 02:05 PM Compiling page: /home.php
[DEBUG] 04/28/2015 02:05 PM Compiling widget: custom/util/CustomInfoButton
[DEBUG] 04/28/2015 02:05 PM Compiling page: /agent/polling_preview.php
[DEBUG] 04/28/2015 02:05 PM Compiling page: /agent/guided_assistant.php
[DEBUG] 04/28/2015 02:05 PM Compiling page: /answers/intent.php
[DEBUG] 04/28/2015 02:05 PM Compiling page: /answers/list.php
[DEBUG] 04/28/2015 02:05 PM Compiling page: /answers/detail.php
[DEBUG] 04/28/2015 02:05 PM Compiling page: /mobile/error404.php
[DEBUG] 04/28/2015 02:05 PM Compiling page: /mobile/ask.php
[DEBUG] 04/28/2015 02:05 PM Compiling page: /mobile/error.php
[DEBUG] 04/28/2015 02:05 PM Compiling page: /mobile/ask_confirm.php
[DEBUG] 04/28/2015 02:05 PM Compiling page: /mobile/home.php
[DEBUG] 04/28/2015 02:05 PM Compiling page: /mobile/answers/intent.php
[DEBUG] 04/28/2015 02:05 PM Compiling page: /mobile/answers/list.php
[DEBUG] 04/28/2015 02:05 PM Compiling page: /mobile/answers/detail.php
[DEBUG] 04/28/2015 02:05 PM Compiling page: /mobile/social/post_detail.php
[DEBUG] 04/28/2015 02:05 PM Compiling page: /mobile/chat/chat_landing.php
[DEBUG] 04/28/2015 02:05 PM Compiling page: /mobile/chat/chat_launch.php
[DEBUG] 04/28/2015 02:05 PM Compiling page: /mobile/utils/account_assistance.php
[DEBUG] 04/28/2015 02:05 PM Compiling page: /mobile/utils/create_account.php
[DEBUG] 04/28/2015 02:05 PM Compiling page: /mobile/utils/guided_assistant.php
[DEBUG] 04/28/2015 02:05 PM Compiling page: /mobile/utils/login_form.php
[DEBUG] 04/28/2015 02:05 PM Compiling page: /mobile/utils/submit/password_changed.php
[DEBUG] 04/28/2015 02:05 PM Compiling page: /mobile/utils/submit/profile_updated.php
[DEBUG] 04/28/2015 02:05 PM Compiling page: /mobile/account/change_password.php
[DEBUG] 04/28/2015 02:05 PM Compiling page: /mobile/account/reset_password.php
[DEBUG] 04/28/2015 02:05 PM Compiling page: /mobile/account/profile.php
[DEBUG] 04/28/2015 02:05 PM Compiling page: /mobile/account/setup_password.php
[DEBUG] 04/28/2015 02:05 PM Compiling page: /mobile/account/questions/list.php
[DEBUG] 04/28/2015 02:05 PM Compiling page: /mobile/account/questions/detail.php
[DEBUG] 04/28/2015 02:05 PM Compiling page: /chat/chat_landing.php
[DEBUG] 04/28/2015 02:05 PM Compiling page: /chat/chat_launch.php
[DEBUG] 04/28/2015 02:05 PM Compiling page: /utils/account_assistance.php
[DEBUG] 04/28/2015 02:05 PM Compiling page: /utils/create_account.php
[DEBUG] 04/28/2015 02:05 PM Compiling page: /utils/help_search.php
[DEBUG] 04/28/2015 02:05 PM Compiling page: /utils/login_form.php
[DEBUG] 04/28/2015 02:05 PM Compiling page: /utils/submit/password_changed.php
[DEBUG] 04/28/2015 02:05 PM Compiling page: /utils/submit/profile_updated.php
[DEBUG] 04/28/2015 02:05 PM Compiling page: /account/change_password.php
[DEBUG] 04/28/2015 02:05 PM Compiling page: /account/reset_password.php
[DEBUG] 04/28/2015 02:05 PM Compiling page: /account/profile.php
[DEBUG] 04/28/2015 02:05 PM Compiling page: /account/setup_password.php
[DEBUG] 04/28/2015 02:05 PM Compiling page: /account/overview.php
[DEBUG] 04/28/2015 02:05 PM Compiling page: /account/questions/detail.php
[WARN]  04/28/2015 02:05 PM Warning: Page not Oracle Service Cloud logo compliant: /answers/detail.php.
[WARN]  04/28/2015 02:05 PM Warning: Page not Oracle Service Cloud logo compliant: /home.php.
[DEBUG] 04/28/2015 02:05 PM Copying themes to staging_01 area
[DEBUG] 04/28/2015 02:05 PM Copying theme /euf/rightnow/staging/staging_01/temp_source/assets/themes/standard to /euf/rightnow/staging/staging_01/temp_optimized//1430255121/themes/standard
[DEBUG] 04/28/2015 02:05 PM Copying theme /euf/rightnow/staging/staging_01/temp_source/assets/themes/mobile to /euf/rightnow/staging/staging_01/temp_optimized//1430255121/themes/mobile
[DEBUG] 04/28/2015 02:05 PM Copying extra-theme files to the staging_01 area
[DEBUG] 04/28/2015 02:05 PM Moving contents of staging/staging_01/temp_optimized/ to staging/staging_01/temp_optimized//src
[DEBUG] 04/28/2015 02:05 PM Executing make command: PATH=/bin /bin/make  -j 16 -f /cgi-bin/virginamerica.cfg/scripts/makefile_php -C /cgi-bin/virginamerica.cfg/scripts/euf/application/staging/staging_01/temp_optimized//src 2>&1 
[DEBUG] 04/28/2015 02:05 PM make: Entering directory `/cgi-bin/virginamerica.cfg/scripts/euf/application/staging/staging_01/temp_optimized/src'
[DEBUG] 04/28/2015 02:05 PM >>> /cgi-bin/virginamerica.cfg/scripts/include/src/headers/euf/mod_info.m4
[DEBUG] 04/28/2015 02:05 PM >>> ../config/hooks.php
[DEBUG] 04/28/2015 02:05 PM >>> ../config/mapping.php
[DEBUG] 04/28/2015 02:05 PM >>> ../config/pageSetMapping.php
[DEBUG] 04/28/2015 02:05 PM >>> ../controllers/ajaxCustom.php
[DEBUG] 04/28/2015 02:05 PM >>> ../errors/error_404.php
[DEBUG] 04/28/2015 02:05 PM >>> ../errors/error_general.php
[DEBUG] 04/28/2015 02:05 PM >>> ../errors/error_php.php
[DEBUG] 04/28/2015 02:05 PM >>> ../helpers/sample_helper.php
[DEBUG] 04/28/2015 02:05 PM >>> ../libraries/SampleLibrary.php
[DEBUG] 04/28/2015 02:05 PM >>> ../models/custom/sample_model.php
[DEBUG] 04/28/2015 02:05 PM >>> ../views/admin/answer_full_preview.php
[DEBUG] 04/28/2015 02:05 PM >>> ../views/admin/answer_quick_preview.php
[DEBUG] 04/28/2015 02:05 PM >>> ../views/headers/ask.php
[DEBUG] 04/28/2015 02:05 PM >>> ../views/headers/ask_confirm.php
[DEBUG] 04/28/2015 02:05 PM >>> ../views/headers/error.php
[DEBUG] 04/28/2015 02:05 PM >>> ../views/headers/error404.php
[DEBUG] 04/28/2015 02:05 PM >>> ../views/headers/home.php
[DEBUG] 04/28/2015 02:05 PM >>> ../views/headers/account/change_password.php
[DEBUG] 04/28/2015 02:05 PM >>> ../views/headers/account/overview.php
[DEBUG] 04/28/2015 02:05 PM >>> ../views/headers/account/profile.php
[DEBUG] 04/28/2015 02:05 PM >>> ../views/headers/account/reset_password.php
[DEBUG] 04/28/2015 02:05 PM >>> ../views/headers/account/setup_password.php
[DEBUG] 04/28/2015 02:05 PM >>> ../views/headers/agent/guided_assistant.php
[DEBUG] 04/28/2015 02:05 PM >>> ../views/headers/agent/polling_preview.php
[DEBUG] 04/28/2015 02:05 PM >>> ../views/headers/answers/detail.php
[DEBUG] 04/28/2015 02:05 PM >>> ../views/headers/answers/intent.php
[DEBUG] 04/28/2015 02:05 PM >>> ../views/headers/answers/list.php
[DEBUG] 04/28/2015 02:05 PM >>> ../views/headers/chat/chat_landing.php
[DEBUG] 04/28/2015 02:05 PM >>> ../views/headers/chat/chat_launch.php
[DEBUG] 04/28/2015 02:05 PM >>> ../views/headers/mobile/ask.php
[DEBUG] 04/28/2015 02:05 PM >>> ../views/headers/mobile/ask_confirm.php
[DEBUG] 04/28/2015 02:05 PM >>> ../views/headers/mobile/error.php
[DEBUG] 04/28/2015 02:05 PM >>> ../views/headers/mobile/error404.php
[DEBUG] 04/28/2015 02:05 PM >>> ../views/headers/mobile/home.php
[DEBUG] 04/28/2015 02:05 PM >>> ../views/headers/utils/account_assistance.php
[DEBUG] 04/28/2015 02:05 PM >>> ../views/headers/utils/create_account.php
[DEBUG] 04/28/2015 02:05 PM >>> ../views/headers/utils/help_search.php
[DEBUG] 04/28/2015 02:05 PM >>> ../views/headers/utils/login_form.php
[DEBUG] 04/28/2015 02:05 PM >>> ../views/headers/account/questions/detail.php
[DEBUG] 04/28/2015 02:05 PM >>> ../views/headers/mobile/account/change_password.php
[DEBUG] 04/28/2015 02:05 PM >>> ../views/headers/mobile/account/profile.php
[DEBUG] 04/28/2015 02:05 PM >>> ../views/headers/mobile/account/reset_password.php
[DEBUG] 04/28/2015 02:05 PM >>> ../views/headers/mobile/account/setup_password.php
[DEBUG] 04/28/2015 02:05 PM >>> ../views/headers/mobile/answers/detail.php
[DEBUG] 04/28/2015 02:05 PM >>> ../views/headers/mobile/answers/intent.php
[DEBUG] 04/28/2015 02:05 PM >>> ../views/headers/mobile/answers/list.php
[DEBUG] 04/28/2015 02:05 PM >>> ../views/headers/mobile/chat/chat_landing.php
[DEBUG] 04/28/2015 02:05 PM >>> ../views/headers/mobile/chat/chat_launch.php
[DEBUG] 04/28/2015 02:05 PM >>> ../views/headers/mobile/social/post_detail.php
[DEBUG] 04/28/2015 02:05 PM >>> ../views/headers/mobile/utils/account_assistance.php
[DEBUG] 04/28/2015 02:05 PM >>> ../views/headers/mobile/utils/create_account.php
[DEBUG] 04/28/2015 02:05 PM >>> ../views/headers/mobile/utils/guided_assistant.php
[DEBUG] 04/28/2015 02:05 PM >>> ../views/headers/mobile/utils/login_form.php
[DEBUG] 04/28/2015 02:05 PM >>> ../views/headers/utils/submit/password_changed.php
[DEBUG] 04/28/2015 02:05 PM >>> ../views/headers/utils/submit/profile_updated.php
[DEBUG] 04/28/2015 02:05 PM >>> ../widgets/custom/input/CustomDateInput/controller.php
[DEBUG] 04/28/2015 02:05 PM >>> ../widgets/custom/input/CustomDateInput/view.php
[DEBUG] 04/28/2015 02:05 PM >>> ../widgets/custom/input/CustomFileAttachmentUpload2/controller.php
[DEBUG] 04/28/2015 02:05 PM >>> ../widgets/custom/input/CustomFileAttachmentUpload2/view.php
[DEBUG] 04/28/2015 02:05 PM >>> ../widgets/custom/input/CustomFormSubmit/controller.php
[DEBUG] 04/28/2015 02:05 PM >>> ../widgets/custom/input/CustomFormSubmit/view.php
[DEBUG] 04/28/2015 02:05 PM >>> ../widgets/custom/input/CustomSelectionInput/controller.php
[DEBUG] 04/28/2015 02:05 PM >>> ../widgets/custom/input/CustomSelectionInput/view.php
[DEBUG] 04/28/2015 02:05 PM >>> ../widgets/custom/input/CustomTextInput/controller.php
[DEBUG] 04/28/2015 02:05 PM >>> ../widgets/custom/input/CustomTextInput/view.php
[DEBUG] 04/28/2015 02:05 PM >>> ../widgets/custom/input/MenuAsRadioWidget/controller.php
[DEBUG] 04/28/2015 02:05 PM >>> ../widgets/custom/input/MenuAsRadioWidget/view.php
[DEBUG] 04/28/2015 02:05 PM >>> ../widgets/custom/input/ToggleVisibleArea/controller.php
[DEBUG] 04/28/2015 02:05 PM >>> ../widgets/custom/input/ToggleVisibleArea/view.php
[DEBUG] 04/28/2015 02:05 PM >>> ../widgets/custom/sample/SampleWidget/controller.php
[DEBUG] 04/28/2015 02:05 PM >>> ../widgets/custom/sample/SampleWidget/view.php
[DEBUG] 04/28/2015 02:05 PM >>> ../widgets/custom/templates/bottom/controller.php
[DEBUG] 04/28/2015 02:05 PM >>> ../widgets/custom/templates/bottom/view.php
[DEBUG] 04/28/2015 02:05 PM >>> ../widgets/custom/templates/head/controller.php
[DEBUG] 04/28/2015 02:05 PM >>> ../widgets/custom/templates/head/view.php
[DEBUG] 04/28/2015 02:05 PM >>> ../widgets/custom/templates/top/controller.php
[DEBUG] 04/28/2015 02:05 PM >>> ../widgets/custom/templates/top/view.php
[DEBUG] 04/28/2015 02:05 PM >>> ../widgets/custom/util/CustomInfoButton/controller.php
[DEBUG] 04/28/2015 02:05 PM >>> ../widgets/custom/util/CustomInfoButton/view.php
[DEBUG] 04/28/2015 02:05 PM >>> ../views/headers/mobile/account/questions/detail.php
[DEBUG] 04/28/2015 02:05 PM >>> ../views/headers/mobile/account/questions/list.php
[DEBUG] 04/28/2015 02:05 PM >>> ../views/headers/mobile/utils/submit/password_changed.php
[DEBUG] 04/28/2015 02:05 PM >>> ../views/headers/mobile/utils/submit/profile_updated.php
[DEBUG] 04/28/2015 02:05 PM make: Leaving directory `/cgi-bin/virginamerica.cfg/scripts/euf/application/staging/staging_01/temp_optimized/src'
[DEBUG] 04/28/2015 02:05 PM 
[DEBUG] 04/28/2015 02:05 PM Finalizing delayed deletes.
[DEBUG] 04/28/2015 02:05 PM Finished finalizing delayed deletes.
[DEBUG] 04/28/2015 02:05 PM Number of deploy errors: <cps_error_count>0</cps_error_count>
[DEBUG] 04/28/2015 02:05 PM Log File: <cps_log_file_name>/cgi-bin/virginamerica.cfg/log/stage1430255121.log</cps_log_file_name>
[DEBUG] 04/28/2015 02:05 PM Compile Successful!
[DEBUG] 04/28/2015 02:05 PM Committing Deploy Operation
[DEBUG] 04/28/2015 02:05 PM Backing up staging/staging_01/source/ to staging/staging_01/backup/
[DEBUG] 04/28/2015 02:05 PM Moving contents of staging/staging_01/temp_source/ to staging/staging_01/source/
[DEBUG] 04/28/2015 02:05 PM Moving contents of /euf/rightnow/staging/staging_01/temp_source/ to /euf/rightnow/staging/staging_01/source/
[DEBUG] 04/28/2015 02:05 PM Moving JavaScript files to the html docroot (/vhosts/virginamerica/euf/rightnow/staging/staging_01/optimized/)
[DEBUG] 04/28/2015 02:05 PM Moving contents of staging/staging_01/temp_optimized/ to staging/staging_01/optimized/
[INFO]  04/28/2015 02:05 PM Deploy Operation Successful!
[DEBUG] 04/28/2015 02:05 PM Finalizing delayed deletes.
[DEBUG] 04/28/2015 02:05 PM Finished finalizing delayed deletes.
[DEBUG] 04/28/2015 02:05 PM Deploy lock removed.
